Arguments: 
  /Users/bruce-ming/.nvm/versions/node/v16.4.1/bin/node /Users/bruce-ming/.nvm/versions/node/v16.4.1/bin/yarn add @tarojs/plugin-inject

PATH: 
  /usr/local/Cellar/maven/3.8.1/libexec/bin:/Users/bruce-ming/.nvm/versions/node/v16.4.1/bin:/usr/local/bin:/usr/local/sbin:/usr/local/bin:/System/Cryptexes/App/usr/bin:/usr/bin:/bin:/usr/sbin:/sbin:/Library/Apple/usr/bin:/usr/local/Cellar/maven/3.8.1/libexec/bin:/Users/bruce-ming/.nvm/versions/node/v16.4.1/bin:/usr/local/sbin:/Users/bruce-ming/.cargo/bin:/Users/bruce-ming/Library/Android/sdk/emulator:/Users/bruce-ming/Library/Android/sdk/tools:/Users/bruce-ming/Library/Android/sdk/tools/bin:/Users/bruce-ming/Library/Android/sdk/platform-tools:/usr/local/bin:/Users/bruce-ming/Library/Android/sdk/emulator:/Users/bruce-ming/Library/Android/sdk/tools:/Users/bruce-ming/Library/Android/sdk/tools/bin:/Users/bruce-ming/Library/Android/sdk/platform-tools:/Users/bruce-ming/Library/Android/sdk/platform-tools

Yarn version: 
  1.22.19

Node version: 
  16.4.1

Platform: 
  darwin x64

Trace: 
  Error: EINVAL: invalid argument, mkdir '/Users/bruce-ming/demo/baidu-text/node_modules/@tarojs/webpack5-runner/node_modules/mkdirp'

npm manifest: 
  {
    "name": "baidu-text",
    "version": "1.0.0",
    "private": true,
    "description": "百度文本嵌套bug",
    "templateInfo": {
      "name": "default",
      "typescript": false,
      "css": "sass"
    },
    "scripts": {
      "build:weapp": "taro build --type weapp",
      "build:swan": "taro build --type swan",
      "build:alipay": "taro build --type alipay",
      "build:tt": "taro build --type tt",
      "build:h5": "taro build --type h5",
      "build:rn": "taro build --type rn",
      "build:qq": "taro build --type qq",
      "build:jd": "taro build --type jd",
      "build:quickapp": "taro build --type quickapp",
      "dev:weapp": "npm run build:weapp -- --watch",
      "dev:swan": "npm run build:swan -- --watch",
      "dev:alipay": "npm run build:alipay -- --watch",
      "dev:tt": "npm run build:tt -- --watch",
      "dev:h5": "npm run build:h5 -- --watch",
      "dev:rn": "npm run build:rn -- --watch",
      "dev:qq": "npm run build:qq -- --watch",
      "dev:jd": "npm run build:jd -- --watch",
      "dev:quickapp": "npm run build:quickapp -- --watch"
    },
    "browserslist": [
      "last 3 versions",
      "Android >= 4.1",
      "ios >= 8"
    ],
    "author": "",
    "dependencies": {
      "@babel/runtime": "^7.7.7",
      "@tarojs/components": "3.6.0",
      "@tarojs/helper": "3.6.0",
      "@tarojs/plugin-platform-weapp": "3.6.0",
      "@tarojs/plugin-platform-alipay": "3.6.0",
      "@tarojs/plugin-platform-tt": "3.6.0",
      "@tarojs/plugin-platform-swan": "3.6.0",
      "@tarojs/plugin-platform-jd": "3.6.0",
      "@tarojs/plugin-platform-qq": "3.6.0",
      "@tarojs/plugin-platform-h5": "3.6.0",
      "@tarojs/runtime": "3.6.0",
      "@tarojs/shared": "3.6.0",
      "@tarojs/taro": "3.6.0",
      "@tarojs/plugin-framework-react": "3.6.0",
      "@tarojs/react": "3.6.0",
      "react-dom": "^18.0.0",
      "react": "^18.0.0"
    },
    "devDependencies": {
      "@babel/core": "^7.8.0",
      "@tarojs/cli": "3.6.0",
      "@types/webpack-env": "^1.13.6",
      "@types/react": "^18.0.0",
      "webpack": "5.69.0",
      "@tarojs/webpack5-runner": "3.6.0",
      "babel-preset-taro": "3.6.0",
      "eslint-config-taro": "3.6.0",
      "eslint": "^8.12.0",
      "@pmmmwh/react-refresh-webpack-plugin": "^0.5.5",
      "react-refresh": "^0.11.0",
      "eslint-plugin-react": "^7.8.2",
      "eslint-plugin-import": "^2.12.0",
      "eslint-plugin-react-hooks": "^4.2.0",
      "stylelint": "^14.4.0",
      "postcss": "^8.4.18"
    }
  }

yarn manifest: 
  No manifest

Lockfile: 
  No lockfile
